0 info it worked if it ends with ok
1 verbose cli [ 'C:\\Program Files\\nodejs\\node.exe',
1 verbose cli   'C:\\Program Files\\nodejs\\node_modules\\npm\\bin\\npm-cli.js',
1 verbose cli   'start' ]
2 info using npm@3.3.12
3 info using node@v5.4.0
4 verbose run-script [ 'prestart', 'start', 'poststart' ]
5 info lifecycle bookshelf@1.0.0~prestart: bookshelf@1.0.0
6 silly lifecycle bookshelf@1.0.0~prestart: no script for prestart, continuing
7 info lifecycle bookshelf@1.0.0~start: bookshelf@1.0.0
8 verbose lifecycle bookshelf@1.0.0~start: unsafe-perm in lifecycle true
9 verbose lifecycle bookshelf@1.0.0~start: PATH: C:\Program Files\nodejs\node_modules\npm\bin\node-gyp-bin;E:\Samples\Node\BookShelf\node_modules\.bin;C:\WINDOWS\system32;C:\WINDOWS;C:\WINDOWS\System32\Wbem;C:\WINDOWS\System32\WindowsPowerShell\v1.0\;c:\Program Files (x86)\Microsoft SQL Server\100\Tools\Binn\;c:\Program Files\Microsoft SQL Server\100\Tools\Binn\;c:\Program Files\Microsoft SQL Server\100\DTS\Binn\;C:\Program Files (x86)\Microsoft SQL Server\110\Tools\Binn\;C:\Program Files\Microsoft SQL Server\110\Tools\Binn\;C:\Program Files\Microsoft SQL Server\110\DTS\Binn\;C:\Program Files (x86)\Microsoft SQL Server\110\Tools\Binn\ManagementStudio\;C:\Program Files (x86)\Microsoft Visual Studio 10.0\Common7\IDE\PrivateAssemblies\;C:\Program Files (x86)\Microsoft SQL Server\110\DTS\Binn\;C:\Program Files\Microsoft\Web Platform Installer\;C:\Program Files (x86)\Microsoft ASP.NET\ASP.NET Web Pages\v1.0\;C:\Program Files (x86)\Windows Kits\8.0\Windows Performance Toolkit\;C:\Program Files (x86)\MySQL\MySQL Utilities 1.3.6\;C:\Program Files\TortoiseSVN\bin;C:\Program Files\VisualSVN Server\bin;C:\Program Files (x86)\Skype\Phone\;C:\Program Files\Git\cmd;C:\Program Files\nodejs\;C:\Program Files (x86)\Brackets\command;C:\Users\Narendra\AppData\Roaming\npm;C:\Program Files (x86)\Microsoft VS Code\bin
10 verbose lifecycle bookshelf@1.0.0~start: CWD: E:\Samples\Node\BookShelf
11 silly lifecycle bookshelf@1.0.0~start: Args: [ '/d /s /c', 'node app.js' ]
12 silly lifecycle bookshelf@1.0.0~start: Returned: code: 3221225786  signal: null
13 info lifecycle bookshelf@1.0.0~start: Failed to exec start script
14 verbose stack Error: bookshelf@1.0.0 start: `node app.js`
14 verbose stack Exit status 3221225786
14 verbose stack     at EventEmitter.<anonymous> (C:\Program Files\nodejs\node_modules\npm\lib\utils\lifecycle.js:232:16)
14 verbose stack     at emitTwo (events.js:87:13)
14 verbose stack     at EventEmitter.emit (events.js:172:7)
14 verbose stack     at ChildProcess.<anonymous> (C:\Program Files\nodejs\node_modules\npm\lib\utils\spawn.js:24:14)
14 verbose stack     at emitTwo (events.js:87:13)
14 verbose stack     at ChildProcess.emit (events.js:172:7)
14 verbose stack     at maybeClose (internal/child_process.js:821:16)
14 verbose stack     at Process.ChildProcess._handle.onexit (internal/child_process.js:211:5)
15 verbose pkgid bookshelf@1.0.0
16 verbose cwd E:\Samples\Node\BookShelf
17 error Windows_NT 10.0.10586
18 error argv "C:\\Program Files\\nodejs\\node.exe" "C:\\Program Files\\nodejs\\node_modules\\npm\\bin\\npm-cli.js" "start"
19 error node v5.4.0
20 error npm  v3.3.12
21 error code ELIFECYCLE
22 error bookshelf@1.0.0 start: `node app.js`
22 error Exit status 3221225786
23 error Failed at the bookshelf@1.0.0 start script 'node app.js'.
23 error Make sure you have the latest version of node.js and npm installed.
23 error If you do, this is most likely a problem with the bookshelf package,
23 error not with npm itself.
23 error Tell the author that this fails on your system:
23 error     node app.js
23 error You can get their info via:
23 error     npm owner ls bookshelf
23 error There is likely additional logging output above.
24 verbose exit [ 1, true ]
